#
# There is insufficient memory for the Java Runtime Environment to continue.
# Native memory allocation (mmap) failed to map 266338304 bytes for G1 virtual space
# Possible reasons:
#   The system is out of physical RAM or swap space
#   The process is running with CompressedOops enabled, and the Java Heap may be blocking the growth of the native heap
# Possible solutions:
#   Reduce memory load on the system
#   Increase physical memory or swap space
#   Check if swap backing store is full
#   Decrease Java heap size (-Xmx/-Xms)
#   Decrease number of Java threads
#   Decrease Java thread stack sizes (-Xss)
#   Set larger code cache with -XX:ReservedCodeCacheSize=
#   JVM is running with Zero Based Compressed Oops mode in which the Java heap is
#     placed in the first 32GB address space. The Java Heap base address is the
#     maximum limit for the native heap growth. Please use -XX:HeapBaseMinAddress
#     to set the Java Heap base and to place the Java Heap above 32GB virtual address.
# This output file may be truncated or incomplete.
#
#  Out of Memory Error (os_windows.cpp:3747), pid=48352, tid=6476
#
# JRE version:  (17.0.3+7) (build )
# Java VM: OpenJDK 64-Bit Server VM (17.0.3+7-b469.37, mixed mode, sharing, tiered, compressed oops, compressed class ptrs, g1 gc, windows-amd64)
# No core dump will be written. Minidumps are not enabled by default on client versions of Windows
#

---------------  S U M M A R Y ------------

Command Line: git4idea.http.GitAskPassApp Username for 'https://gitlab.ejiayou.com': 

Host: Intel(R) Core(TM) i7-10700 CPU @ 2.90GHz, 16 cores, 15G,  Windows 10 , 64 bit Build 19041 (10.0.19041.2364)
Time: Wed Dec 21 16:16:30 2022  Windows 10 , 64 bit Build 19041 (10.0.19041.2364) elapsed time: 0.011043 seconds (0d 0h 0m 0s)

---------------  T H R E A D  ---------------

Current thread (0x000001e064d05930):  JavaThread "Unknown thread" [_thread_in_vm, id=6476, stack(0x0000006625800000,0x0000006625900000)]

Stack: [0x0000006625800000,0x0000006625900000]
Native frames: (J=compiled Java code, j=interpreted, Vv=VM code, C=native code)
V  [jvm.dll+0x681f8a]
V  [jvm.dll+0x83e374]
V  [jvm.dll+0x83fb1e]
V  [jvm.dll+0x840183]
V  [jvm.dll+0x2492a5]
V  [jvm.dll+0x67ee59]
V  [jvm.dll+0x67355a]
V  [jvm.dll+0x308fab]
V  [jvm.dll+0x310466]
V  [jvm.dll+0x3601de]
V  [jvm.dll+0x36040f]
V  [jvm.dll+0x2df098]
V  [jvm.dll+0x2e0004]
V  [jvm.dll+0x80fc61]
V  [jvm.dll+0x36df61]
V  [jvm.dll+0x7ef17c]
V  [jvm.dll+0x3f10ef]
V  [jvm.dll+0x3f2c31]
C  [jli.dll+0x526b]
C  [ucrtbase.dll+0x21bb2]
C  [KERNEL32.DLL+0x17614]
C  [ntdll.dll+0x526a1]


---------------  P R O C E S S  ---------------

Threads class SMR info:
_java_thread_list=0x00007ffdd3c06f18, length=0, elements={
}

Java Threads: ( => current thread )

Other Threads:
  0x000001e064d71de0 GCTaskThread "GC Thread#0" [stack: 0x0000006625900000,0x0000006625a00000] [id=52564]
  0x000001e064d83ac0 ConcurrentGCThread "G1 Main Marker" [stack: 0x0000006625a00000,0x0000006625b00000] [id=51124]
  0x000001e064d85040 ConcurrentGCThread "G1 Conc#0" [stack: 0x0000006625b00000,0x0000006625c00000] [id=52920]

[error occurred during error reporting (printing all threads), id 0xc0000005, EXCEPTION_ACCESS_VIOLATION (0xc0000005) at pc=0x00007ffdd33bfc57]

VM state: not at safepoint (not fully initialized)

VM Mutex/Monitor currently owned by a thread:  ([mutex/lock_event])
[0x000001e064cffd40] Heap_lock - owner thread: 0x000001e064d05930

Heap address: 0x0000000702600000, size: 4058 MB, Compressed Oops mode: Zero based, Oop shift amount: 3

CDS archive(s) mapped at: [0x0000000000000000-0x0000000000000000-0x0000000000000000), size 0, SharedBaseAddress: 0x0000000800000000, ArchiveRelocationMode: 0.
Narrow klass base: 0x0000000000000000, Narrow klass shift: 0, Narrow klass range: 0x0

GC Precious Log:
<Empty>

Heap:
 garbage-first heap   total 0K, used 0K [0x0000000702600000, 0x0000000800000000)
  region size 2048K, 0 young (0K), 0 survivors (0K)

[error occurred during error reporting (printing heap information), id 0xc0000005, EXCEPTION_ACCESS_VIOLATION (0xc0000005) at pc=0x00007ffdd37abbd9]

GC Heap History (0 events):
No events

Deoptimization events (0 events):
No events

Classes unloaded (0 events):
No events

Classes redefined (0 events):
No events

Internal exceptions (0 events):
No events

VM Operations (0 events):
No events

Events (1 events):
Event: 0.005 Loaded shared library D:\soft\pycharm\PyCharm Community Edition 2022.2.1\jbr\bin\java.dll


Dynamic libraries:
0x00007ff703430000 - 0x00007ff70343a000 	D:\soft\pycharm\PyCharm Community Edition 2022.2.1\jbr\bin\java.exe
0x00007ffe33510000 - 0x00007ffe33708000 	C:\Windows\SYSTEM32\ntdll.dll
0x00007ffe32c60000 - 0x00007ffe32d1f000 	C:\Windows\System32\KERNEL32.DLL
0x00007ffe30c90000 - 0x00007ffe30f62000 	C:\Windows\System32\KERNELBASE.dll
0x00007ffe311c0000 - 0x00007ffe312c0000 	C:\Windows\System32\ucrtbase.dll
0x00007ffe0e8c0000 - 0x00007ffe0e8d7000 	D:\soft\pycharm\PyCharm Community Edition 2022.2.1\jbr\bin\jli.dll
0x00007ffe0e7f0000 - 0x00007ffe0e80b000 	D:\soft\pycharm\PyCharm Community Edition 2022.2.1\jbr\bin\VCRUNTIME140.dll
0x00007ffe32d20000 - 0x00007ffe32ec1000 	C:\Windows\System32\USER32.dll
0x00007ffe31520000 - 0x00007ffe31542000 	C:\Windows\System32\win32u.dll
0x00007ffe33440000 - 0x00007ffe3346b000 	C:\Windows\System32\GDI32.dll
0x00007ffe31370000 - 0x00007ffe3147f000 	C:\Windows\System32\gdi32full.dll
0x00007ffe31120000 - 0x00007ffe311bd000 	C:\Windows\System32\msvcp_win.dll
0x00007ffe1ef10000 - 0x00007ffe1f1aa000 	C:\Windows\WinSxS\amd64_microsoft.windows.common-controls_6595b64144ccf1df_6.0.19041.1110_none_60b5254171f9507e\COMCTL32.dll
0x00007ffe32bc0000 - 0x00007ffe32c5e000 	C:\Windows\System32\msvcrt.dll
0x00007ffe31ed0000 - 0x00007ffe31f02000 	C:\Windows\System32\IMM32.DLL
0x0000000057380000 - 0x000000005738c000 	C:\Program Files (x86)\360\360Safe\safemon\SafeWrapper.dll
0x00007ffe32aa0000 - 0x00007ffe32b4e000 	C:\Windows\System32\ADVAPI32.dll
0x00007ffe32060000 - 0x00007ffe320fc000 	C:\Windows\System32\sechost.dll
0x00007ffe31da0000 - 0x00007ffe31ec5000 	C:\Windows\System32\RPCRT4.dll
0x00007ffe212e0000 - 0x00007ffe21381000 	C:\Program Files (x86)\360\360Safe\safemon\libzdtp64.dll
0x00007ffe32350000 - 0x00007ffe32a94000 	C:\Windows\System32\SHELL32.dll
0x00007ffe32000000 - 0x00007ffe32055000 	C:\Windows\System32\SHLWAPI.dll
0x00007ffe306b0000 - 0x00007ffe306ba000 	C:\Windows\SYSTEM32\VERSION.dll
0x00007ffe1d6b0000 - 0x00007ffe1d6bc000 	D:\soft\pycharm\PyCharm Community Edition 2022.2.1\jbr\bin\vcruntime140_1.dll
0x00007ffdfffc0000 - 0x00007ffe0004d000 	D:\soft\pycharm\PyCharm Community Edition 2022.2.1\jbr\bin\msvcp140.dll
0x00007ffdd30d0000 - 0x00007ffdd3d38000 	D:\soft\pycharm\PyCharm Community Edition 2022.2.1\jbr\bin\server\jvm.dll
0x00007ffe32100000 - 0x00007ffe32108000 	C:\Windows\System32\PSAPI.DLL
0x00007ffe29de0000 - 0x00007ffe29de9000 	C:\Windows\SYSTEM32\WSOCK32.dll
0x00007ffe1e510000 - 0x00007ffe1e537000 	C:\Windows\SYSTEM32\WINMM.dll
0x00007ffe32b50000 - 0x00007ffe32bbb000 	C:\Windows\System32\WS2_32.dll
0x00007ffe2ea70000 - 0x00007ffe2ea82000 	C:\Windows\SYSTEM32\kernel.appcore.dll
0x00007ffe1e750000 - 0x00007ffe1e75a000 	D:\soft\pycharm\PyCharm Community Edition 2022.2.1\jbr\bin\jimage.dll
0x00007ffe294d0000 - 0x00007ffe296b4000 	C:\Windows\SYSTEM32\DBGHELP.DLL
0x00007ffe29340000 - 0x00007ffe29375000 	C:\Windows\SYSTEM32\dbgcore.DLL
0x00007ffe30c00000 - 0x00007ffe30c82000 	C:\Windows\System32\bcryptPrimitives.dll
0x00007ffe1e200000 - 0x00007ffe1e225000 	D:\soft\pycharm\PyCharm Community Edition 2022.2.1\jbr\bin\java.dll

dbghelp: loaded successfully - version: 4.0.5 - missing functions: none
symbol engine: initialized successfully - sym options: 0x614 - pdb path: .;D:\soft\pycharm\PyCharm Community Edition 2022.2.1\jbr\bin;C:\Windows\SYSTEM32;C:\Windows\WinSxS\amd64_microsoft.windows.common-controls_6595b64144ccf1df_6.0.19041.1110_none_60b5254171f9507e;C:\Program Files (x86)\360\360Safe\safemon;D:\soft\pycharm\PyCharm Community Edition 2022.2.1\jbr\bin\server

VM Arguments:
java_command: git4idea.http.GitAskPassApp Username for 'https://gitlab.ejiayou.com': 
java_class_path (initial): D:/soft/pycharm/PyCharm Community Edition 2022.2.1/plugins/git4idea/lib/git4idea-rt.jar;D:/soft/pycharm/PyCharm Community Edition 2022.2.1/lib/externalProcess-rt.jar;D:/soft/pycharm/PyCharm Community Edition 2022.2.1/lib/app.jar;D:/soft/pycharm/PyCharm Community Edition 2022.2.1/lib/3rd-party-rt.jar
Launcher Type: SUN_STANDARD

[Global flags]
     intx CICompilerCount                          = 12                                        {product} {ergonomic}
     uint ConcGCThreads                            = 3                                         {product} {ergonomic}
     uint G1ConcRefinementThreads                  = 13                                        {product} {ergonomic}
   size_t G1HeapRegionSize                         = 2097152                                   {product} {ergonomic}
    uintx GCDrainStackTargetSize                   = 64                                        {product} {ergonomic}
   size_t InitialHeapSize                          = 266338304                                 {product} {ergonomic}
   size_t MarkStackSize                            = 4194304                                   {product} {ergonomic}
   size_t MaxHeapSize                              = 4255121408                                {product} {ergonomic}
   size_t MinHeapDeltaBytes                        = 2097152                                   {product} {ergonomic}
   size_t MinHeapSize                              = 8388608                                   {product} {ergonomic}
    uintx NonNMethodCodeHeapSize                   = 7602480                                {pd product} {ergonomic}
    uintx NonProfiledCodeHeapSize                  = 122027880                              {pd product} {ergonomic}
    uintx ProfiledCodeHeapSize                     = 122027880                              {pd product} {ergonomic}
    uintx ReservedCodeCacheSize                    = 251658240                              {pd product} {ergonomic}
     bool SegmentedCodeCache                       = true                                      {product} {ergonomic}
   size_t SoftMaxHeapSize                          = 4255121408                             {manageable} {ergonomic}
     bool UseCompressedClassPointers               = true                           {product lp64_product} {ergonomic}
     bool UseCompressedOops                        = true                           {product lp64_product} {ergonomic}
     bool UseG1GC                                  = true                                      {product} {ergonomic}
     bool UseLargePagesIndividualAllocation        = false                                  {pd product} {ergonomic}

Logging:
Log output configuration:
 #0: stdout all=warning uptime,level,tags
 #1: stderr all=off uptime,level,tags

Environment Variables:
PATH=D:\soft\Git\mingw64\libexec\git-core;D:\soft\Git\mingw64\libexec\git-core;D:\soft\Git\mingw64\bin;D:\soft\Git\usr\bin;C:\Users\EDY\bin;D:\vmvare\bin;C:\Windows\system32;C:\Windows;C:\Windows\System32\Wbem;C:\Windows\System32\WindowsPowerShell\v1.0;C:\Windows\System32\OpenSSH;D:\python\Scripts;D:\python;D:\python\Scripts\pip.exe;D:\soft\xshell;D:\soft\Git\cmd;D:\soft\微信web开发者工具\dll;D:\python\Scripts;D:\python;C:\Users\EDY\AppData\Local\Microsoft\WindowsApps;D:\soft\PyCharm 2022.1.3\bin;D:\soft\fiddle\Fiddler2
USERNAME=EDY
DISPLAY=:0.0
LC_ALL=en_US.UTF-8
OS=Windows_NT
PROCESSOR_IDENTIFIER=Intel64 Family 6 Model 165 Stepping 5, GenuineIntel



---------------  S Y S T E M  ---------------

OS:
 Windows 10 , 64 bit Build 19041 (10.0.19041.2364)
OS uptime: 5 days 17:59 hours

CPU: total 16 (initial active 16) (8 cores per cpu, 2 threads per core) family 6 model 165 stepping 5 microcode 0xe2, cx8, cmov, fxsr, ht, mmx, 3dnowpref, sse, sse2, sse3, ssse3, sse4.1, sse4.2, popcnt, lzcnt, tsc, tscinvbit, avx, avx2, aes, erms, clmul, bmi1, bmi2, adx, fma, vzeroupper, clflush, clflushopt

Memory: 4k page, system-wide physical 16228M (939M free)
TotalPageFile size 29028M (AvailPageFile size 78M)
current process WorkingSet (physical memory assigned to process): 12M, peak: 12M
current process commit charge ("private bytes"): 71M, peak: 324M

vm_info: OpenJDK 64-Bit Server VM (17.0.3+7-b469.37) for windows-amd64 JRE (17.0.3+7-b469.37), built on 2022-08-01 by "builduser" with MS VC++ 16.10 / 16.11 (VS2019)

END.
