#
# There is insufficient memory for the Java Runtime Environment to continue.
# Native memory allocation (malloc) failed to allocate 1048576 bytes for AllocateHeap
# Possible reasons:
#   The system is out of physical RAM or swap space
#   The process is running with CompressedOops enabled, and the Java Heap may be blocking the growth of the native heap
# Possible solutions:
#   Reduce memory load on the system
#   Increase physical memory or swap space
#   Check if swap backing store is full
#   Decrease Java heap size (-Xmx/-Xms)
#   Decrease number of Java threads
#   Decrease Java thread stack sizes (-Xss)
#   Set larger code cache with -XX:ReservedCodeCacheSize=
#   JVM is running with Unscaled Compressed Oops mode in which the Java heap is
#     placed in the first 4GB address space. The Java Heap base address is the
#     maximum limit for the native heap growth. Please use -XX:HeapBaseMinAddress
#     to set the Java Heap base and to place the Java Heap above 4GB virtual address.
# This output file may be truncated or incomplete.
#
#  Out of Memory Error (allocation.cpp:44), pid=241756, tid=216820
#
# JRE version:  (17.0.3+7) (build )
# Java VM: OpenJDK 64-Bit Server VM (17.0.3+7-b469.37, mixed mode, sharing, tiered, compressed oops, compressed class ptrs, g1 gc, windows-amd64)
# No core dump will be written. Minidumps are not enabled by default on client versions of Windows
#

---------------  S U M M A R Y ------------

Command Line: git4idea.http.GitAskPassApp Username for 'https://gitlab.ejiayou.com': 

Host: Intel(R) Core(TM) i7-10700 CPU @ 2.90GHz, 16 cores, 15G,  Windows 10 , 64 bit Build 19041 (10.0.19041.2251)
Time: Thu Dec  1 18:15:02 2022  Windows 10 , 64 bit Build 19041 (10.0.19041.2251) elapsed time: 0.010681 seconds (0d 0h 0m 0s)

---------------  T H R E A D  ---------------

Current thread (0x0000018c739ca910):  JavaThread "Unknown thread" [_thread_in_vm, id=216820, stack(0x00000030f5100000,0x00000030f5200000)]

Stack: [0x00000030f5100000,0x00000030f5200000]
Native frames: (J=compiled Java code, j=interpreted, Vv=VM code, C=native code)
V  [jvm.dll+0x681f8a]
V  [jvm.dll+0x83e374]
V  [jvm.dll+0x83fb1e]
V  [jvm.dll+0x840183]
V  [jvm.dll+0x2492a5]
V  [jvm.dll+0xa64cf]
V  [jvm.dll+0x2dad64]
V  [jvm.dll+0x80fc2c]
V  [jvm.dll+0x36df61]
V  [jvm.dll+0x7ef17c]
V  [jvm.dll+0x3f10ef]
V  [jvm.dll+0x3f2c31]
C  [jli.dll+0x526b]
C  [ucrtbase.dll+0x21bb2]
C  [KERNEL32.DLL+0x174b4]
C  [ntdll.dll+0x526a1]


---------------  P R O C E S S  ---------------

Threads class SMR info:
_java_thread_list=0x00007ffd2b7e6f18, length=0, elements={
}

Java Threads: ( => current thread )

Other Threads:

=>0x0000018c739ca910 (exited) JavaThread "Unknown thread" [_thread_in_vm, id=216820, stack(0x00000030f5100000,0x00000030f5200000)]

Threads with active compile tasks:

VM state: not at safepoint (not fully initialized)

VM Mutex/Monitor currently owned by a thread: None

Heap address: 0x0000000000000000, size: 0 MB, Compressed Oops mode: 32-bit

CDS archive(s) mapped at: [0x0000000000000000-0x0000000000000000-0x0000000000000000), size 0, SharedBaseAddress: 0x0000000800000000, ArchiveRelocationMode: 0.
Narrow klass base: 0x0000000000000000, Narrow klass shift: 0, Narrow klass range: 0x0

GC Precious Log:
<Empty>

GC Heap History (0 events):
No events

Deoptimization events (0 events):
No events

Classes unloaded (0 events):
No events

Classes redefined (0 events):
No events

Internal exceptions (0 events):
No events

VM Operations (0 events):
No events

Events (1 events):
Event: 0.006 Loaded shared library D:\soft\pycharm\PyCharm Community Edition 2022.2.1\jbr\bin\java.dll


Dynamic libraries:
0x00007ff78ade0000 - 0x00007ff78adea000 	D:\soft\pycharm\PyCharm Community Edition 2022.2.1\jbr\bin\java.exe
0x00007ffd9d9f0000 - 0x00007ffd9dbe8000 	C:\Windows\SYSTEM32\ntdll.dll
0x00007ffd9bee0000 - 0x00007ffd9bf9f000 	C:\Windows\System32\KERNEL32.DLL
0x00007ffd9b6a0000 - 0x00007ffd9b972000 	C:\Windows\System32\KERNELBASE.dll
0x00007ffd9b490000 - 0x00007ffd9b590000 	C:\Windows\System32\ucrtbase.dll
0x00007ffd6b940000 - 0x00007ffd6b957000 	D:\soft\pycharm\PyCharm Community Edition 2022.2.1\jbr\bin\jli.dll
0x00007ffd6b7c0000 - 0x00007ffd6b7db000 	D:\soft\pycharm\PyCharm Community Edition 2022.2.1\jbr\bin\VCRUNTIME140.dll
0x00007ffd9d810000 - 0x00007ffd9d9ad000 	C:\Windows\System32\USER32.dll
0x00007ffd9b590000 - 0x00007ffd9b5b2000 	C:\Windows\System32\win32u.dll
0x00007ffd9ba40000 - 0x00007ffd9ba6b000 	C:\Windows\System32\GDI32.dll
0x00007ffd9b220000 - 0x00007ffd9b32f000 	C:\Windows\System32\gdi32full.dll
0x00007ffd9b180000 - 0x00007ffd9b21d000 	C:\Windows\System32\msvcp_win.dll
0x00007ffd841b0000 - 0x00007ffd8444a000 	C:\Windows\WinSxS\amd64_microsoft.windows.common-controls_6595b64144ccf1df_6.0.19041.1110_none_60b5254171f9507e\COMCTL32.dll
0x00007ffd9d410000 - 0x00007ffd9d4ae000 	C:\Windows\System32\msvcrt.dll
0x00007ffd9d7d0000 - 0x00007ffd9d802000 	C:\Windows\System32\IMM32.DLL
0x0000000061e50000 - 0x0000000061e5c000 	C:\Program Files (x86)\360\360Safe\safemon\SafeWrapper.dll
0x00007ffd9d300000 - 0x00007ffd9d3ae000 	C:\Windows\System32\ADVAPI32.dll
0x00007ffd9c620000 - 0x00007ffd9c6bc000 	C:\Windows\System32\sechost.dll
0x00007ffd9bdb0000 - 0x00007ffd9bed5000 	C:\Windows\System32\RPCRT4.dll
0x00007ffd856a0000 - 0x00007ffd85737000 	C:\Program Files (x86)\360\360Safe\safemon\libzdtp64.dll
0x00007ffd9cbb0000 - 0x00007ffd9d2f3000 	C:\Windows\System32\SHELL32.dll
0x00007ffd9bd10000 - 0x00007ffd9bd65000 	C:\Windows\System32\SHLWAPI.dll
0x00007ffd9aba0000 - 0x00007ffd9abaa000 	C:\Windows\SYSTEM32\VERSION.dll
0x00007ffd7f830000 - 0x00007ffd7f83c000 	D:\soft\pycharm\PyCharm Community Edition 2022.2.1\jbr\bin\vcruntime140_1.dll
0x00007ffd65f00000 - 0x00007ffd65f8d000 	D:\soft\pycharm\PyCharm Community Edition 2022.2.1\jbr\bin\msvcp140.dll
0x00007ffd2acb0000 - 0x00007ffd2b918000 	D:\soft\pycharm\PyCharm Community Edition 2022.2.1\jbr\bin\server\jvm.dll
0x00007ffd9bda0000 - 0x00007ffd9bda8000 	C:\Windows\System32\PSAPI.DLL
0x00007ffd83780000 - 0x00007ffd83789000 	C:\Windows\SYSTEM32\WSOCK32.dll
0x00007ffd837e0000 - 0x00007ffd83807000 	C:\Windows\SYSTEM32\WINMM.dll
0x00007ffd9bc00000 - 0x00007ffd9bc6b000 	C:\Windows\System32\WS2_32.dll
0x00007ffd98f60000 - 0x00007ffd98f72000 	C:\Windows\SYSTEM32\kernel.appcore.dll
0x00007ffd90060000 - 0x00007ffd9006a000 	D:\soft\pycharm\PyCharm Community Edition 2022.2.1\jbr\bin\jimage.dll
0x00007ffd87e70000 - 0x00007ffd88054000 	C:\Windows\SYSTEM32\DBGHELP.DLL
0x00007ffd87c10000 - 0x00007ffd87c3c000 	C:\Windows\SYSTEM32\dbgcore.DLL
0x00007ffd9b0f0000 - 0x00007ffd9b172000 	C:\Windows\System32\bcryptPrimitives.dll
0x00007ffd75df0000 - 0x00007ffd75e15000 	D:\soft\pycharm\PyCharm Community Edition 2022.2.1\jbr\bin\java.dll

dbghelp: loaded successfully - version: 4.0.5 - missing functions: none
symbol engine: initialized successfully - sym options: 0x614 - pdb path: .;D:\soft\pycharm\PyCharm Community Edition 2022.2.1\jbr\bin;C:\Windows\SYSTEM32;C:\Windows\WinSxS\amd64_microsoft.windows.common-controls_6595b64144ccf1df_6.0.19041.1110_none_60b5254171f9507e;C:\Program Files (x86)\360\360Safe\safemon;D:\soft\pycharm\PyCharm Community Edition 2022.2.1\jbr\bin\server

VM Arguments:
java_command: git4idea.http.GitAskPassApp Username for 'https://gitlab.ejiayou.com': 
java_class_path (initial): D:/soft/pycharm/PyCharm Community Edition 2022.2.1/plugins/git4idea/lib/git4idea-rt.jar;D:/soft/pycharm/PyCharm Community Edition 2022.2.1/lib/externalProcess-rt.jar;D:/soft/pycharm/PyCharm Community Edition 2022.2.1/lib/app.jar;D:/soft/pycharm/PyCharm Community Edition 2022.2.1/lib/3rd-party-rt.jar
Launcher Type: SUN_STANDARD

[Global flags]
     intx CICompilerCount                          = 12                                        {product} {ergonomic}
     uint ConcGCThreads                            = 3                                         {product} {ergonomic}
     uint G1ConcRefinementThreads                  = 13                                        {product} {ergonomic}
   size_t G1HeapRegionSize                         = 2097152                                   {product} {ergonomic}
    uintx GCDrainStackTargetSize                   = 64                                        {product} {ergonomic}
   size_t InitialHeapSize                          = 266338304                                 {product} {ergonomic}
   size_t MarkStackSize                            = 4194304                                   {product} {ergonomic}
   size_t MaxHeapSize                              = 4255121408                                {product} {ergonomic}
   size_t MinHeapDeltaBytes                        = 2097152                                   {product} {ergonomic}
   size_t MinHeapSize                              = 8388608                                   {product} {ergonomic}
    uintx NonNMethodCodeHeapSize                   = 7602480                                {pd product} {ergonomic}
    uintx NonProfiledCodeHeapSize                  = 122027880                              {pd product} {ergonomic}
    uintx ProfiledCodeHeapSize                     = 122027880                              {pd product} {ergonomic}
    uintx ReservedCodeCacheSize                    = 251658240                              {pd product} {ergonomic}
     bool SegmentedCodeCache                       = true                                      {product} {ergonomic}
   size_t SoftMaxHeapSize                          = 4255121408                             {manageable} {ergonomic}
     bool UseCompressedClassPointers               = true                           {product lp64_product} {ergonomic}
     bool UseCompressedOops                        = true                           {product lp64_product} {ergonomic}
     bool UseG1GC                                  = true                                      {product} {ergonomic}
     bool UseLargePagesIndividualAllocation        = false                                  {pd product} {ergonomic}

Logging:
Log output configuration:
 #0: stdout all=warning uptime,level,tags
 #1: stderr all=off uptime,level,tags

Environment Variables:
PATH=D:\soft\Git\mingw64\libexec\git-core;D:\soft\Git\mingw64\libexec\git-core;D:\soft\Git\mingw64\bin;D:\soft\Git\usr\bin;C:\Users\EDY\bin;D:\vmvare\bin;C:\Windows\system32;C:\Windows;C:\Windows\System32\Wbem;C:\Windows\System32\WindowsPowerShell\v1.0;C:\Windows\System32\OpenSSH;D:\python\Scripts;D:\python;D:\python\Scripts\pip.exe;D:\soft\xshell;D:\soft\Git\cmd;D:\soft\微信web开发者工具\dll;D:\python\Scripts;D:\python;C:\Users\EDY\AppData\Local\Microsoft\WindowsApps;D:\soft\PyCharm 2022.1.3\bin;D:\soft\fiddle\Fiddler2
USERNAME=EDY
DISPLAY=:0.0
LC_ALL=en_US.UTF-8
OS=Windows_NT
PROCESSOR_IDENTIFIER=Intel64 Family 6 Model 165 Stepping 5, GenuineIntel



---------------  S Y S T E M  ---------------

OS:
 Windows 10 , 64 bit Build 19041 (10.0.19041.2251)
OS uptime: 18 days 20:48 hours

CPU: total 16 (initial active 16) (8 cores per cpu, 2 threads per core) family 6 model 165 stepping 5 microcode 0xe2, cx8, cmov, fxsr, ht, mmx, 3dnowpref, sse, sse2, sse3, ssse3, sse4.1, sse4.2, popcnt, lzcnt, tsc, tscinvbit, avx, avx2, aes, erms, clmul, bmi1, bmi2, adx, fma, vzeroupper, clflush, clflushopt

Memory: 4k page, system-wide physical 16228M (3597M free)
TotalPageFile size 29028M (AvailPageFile size 5M)
current process WorkingSet (physical memory assigned to process): 11M, peak: 11M
current process commit charge ("private bytes"): 11M, peak: 12M

vm_info: OpenJDK 64-Bit Server VM (17.0.3+7-b469.37) for windows-amd64 JRE (17.0.3+7-b469.37), built on 2022-08-01 by "builduser" with MS VC++ 16.10 / 16.11 (VS2019)

END.
